<?xml version="1.0" encoding="UTF-8"?>
<!-- Generated by org.testng.reporters.JUnitReportReporter -->
<testsuite skipped="0" hostname="DESKTOP-03EF0B8" name="script.Execute" tests="1" failures="0" timestamp="03 Aug 2023 00:35:17 GMT" time="4.672" errors="0">
  <testcase name="testexecute" time="4.672" classname="script.Execute"/>
</testsuite> <!-- script.Execute -->
