<?xml version="1.0" encoding="UTF-8"?>
<!-- Generated by org.testng.reporters.JUnitReportReporter -->
<testsuite skipped="0" hostname="DESKTOP-03EF0B8" name="Generic.hest" tests="1" failures="0" timestamp="02 Aug 2023 19:17:44 GMT" time="0.008" errors="0">
  <testcase name="hi" time="0.008" classname="Generic.hest"/>
</testsuite> <!-- Generic.hest -->
